resources/js/Components/Discussion/LeftBar.vue:                                profile: $page.props.user.user_id,
resources/js/Components/Discussion/LeftBar.vue:                                profile: $page.props.user.user_id,
resources/js/Components/Discussion/Openions.vue:                            :href="'/user/' + openion.user.user_id"
resources/js/Components/Header/ElectionNavigation.vue:                                    profile: $page.props.user.user_id,
resources/js/Components/Header/Navigation.vue:                                profile: $page.props.user.user_id,
resources/js/Components/Header/Navigation.vue:                                profile: $page.props.user.user_id,
resources/js/Components/Header/Navigation.vue:                                    profile: $page.props.user.user_id,
resources/js/Components/Upload/IconUpload.vue:            // this.route("user.show", this.user.user_id).click();
resources/js/Pages/DeligateVote/CreateDeligateVote.vue:                              :id       ="member.user_id"
resources/js/Pages/DeligateVote/CreateDeligateVote.vue:     user_id : Number,  
resources/js/Pages/DeligateVote/CreateDeligateVote.vue:      user_id:           props.user_id,
resources/js/Pages/DeligateVote/CreateDeligateVote.vue:      find_selected_user_id(candiVec,selectedVec){
resources/js/Pages/DeligateVote/CreateDeligateVote.vue:          if (selectedVec.includes(box.nrna_id))  selected_ids.push(box.user_id);
resources/js/Pages/DeligateVote/CreateDeligateVote.vue:        let  elected_user_ids =selected_ids.join(',');
resources/js/Pages/DeligateVote/CreateDeligateVote.vue:        return elected_user_ids
resources/js/Pages/Result/Candidate copy.vue:                "user_id":      candidate.user_id,
resources/js/Pages/Result/Candidate.vue:                "user_id":      candidate.user_id,
resources/js/Pages/User/EditProfile.vue:                :href="route('user.show', $page.props.user.user_id)"
resources/js/Pages/User/EditProfile.vue:            // console.log(this.user.user_id);
resources/js/Pages/User/EditProfile.vue:            // console.log(this.route("user.show", this.user.user_id));
resources/js/Pages/Vote/Create.vue:     user_id : Number, 
resources/js/Pages/Vote/Create.vue:      user_id:              props.user_id,
resources/js/Pages/Vote/CreateNew.vue:     user_id : Number, 
resources/js/Pages/Vote/CreateNew.vue:      user_id:              props.user_id,
resources/js/Pages/Vote/CreateVote.vue:                            :id       ="icc_member.user_id"
resources/js/Pages/Vote/CreateVote.vue:                            :id       ="president.user_id"
resources/js/Pages/Vote/CreateVote.vue:                            :id       ="vice_president.user_id"
resources/js/Pages/Vote/CreateVote.vue:                            :id       ="wvp.user_id"
resources/js/Pages/Vote/CreateVote.vue:                            :id       ="general_secretary.user_id"
resources/js/Pages/Vote/CreateVote.vue:                            :id       ="secretary.user_id"
resources/js/Pages/Vote/CreateVote.vue:                            :id       ="treasure.user_id"
resources/js/Pages/Vote/CreateVote.vue:                            :id       ="w_coordinator.user_id"
resources/js/Pages/Vote/CreateVote.vue:                            :id       ="y_coordinator.user_id"
resources/js/Pages/Vote/CreateVote.vue:                            :id       ="cult_coordinator.user_id"
resources/js/Pages/Vote/CreateVote.vue:                            :id       ="child_coordinator.user_id"
resources/js/Pages/Vote/CreateVote.vue:                            :id       ="studt_coordinator.user_id"
resources/js/Pages/Vote/CreateVote.vue:                            :id       ="member_berlin.user_id"
resources/js/Pages/Vote/CreateVote.vue:                            :id       ="member_hamburg.user_id"
resources/js/Pages/Vote/CreateVote.vue:                            :id       ="member_nsachsen.user_id"
resources/js/Pages/Vote/CreateVote.vue:                            :id       ="member_nrw.user_id"
resources/js/Pages/Vote/CreateVote.vue:                            :id       ="member_hessen.user_id"
resources/js/Pages/Vote/CreateVote.vue:                            :id       ="member_rhein_pfalz.user_id"
resources/js/Pages/Vote/CreateVote.vue:                            :id       ="member_bayern.user_id"
resources/js/Pages/Vote/CreateVote.vue:     user_id : Number,  
resources/js/Pages/Vote/CreateVote.vue:      user_id:          props.user_id,
resources/js/Pages/Vote/CreateVote.vue:      find_selected_user_id(candiVec,selectedVec){
resources/js/Pages/Vote/CreateVote.vue:          if (selectedVec.includes(box.candidacy_id))  selected_ids.push(box.user_id);
resources/js/Pages/Vote/CreateVote.vue:        let  elected_user_ids =selected_ids.join(',');
resources/js/Pages/Vote/CreateVote.vue:        return elected_user_ids
resources/js/Pages/Vote/CreateVotingform.vue:      find_selected_user_id(candiVec,selectedVec){
resources/js/Pages/Vote/CreateVotingform.vue:          if (selectedVec.includes(box.candidacy_id))  selected_ids.push(box.user_id);
resources/js/Pages/Vote/CreateVotingform.vue:        let  elected_user_ids =selected_ids.join(',');
resources/js/Pages/Vote/CreateVotingform.vue:        return elected_user_ids
resources/js/Pages/Vote/VoteDisplay.vue:                      User Id: {{candiVote.user_id}}
resources/js/Pages/Vote/VoteDisplay.vue:                      User Id: {{candiVote.user_id}}
resources/js/Pages/Vote/VoteFinal.vue:                                                    {{ candiVec.user_id }}
resources/js/Pages/Voter/IndexVoter.vue:                            v-show="showColumn('user_id')"
resources/js/Pages/Voter/IndexVoter.vue:                            @click.prevent="sortBy('user_id')"
resources/js/Pages/Voter/IndexVoter.vue:                            v-show="showColumn('user_id')"
resources/js/Pages/Voter/IndexVoter.vue:                            {{ voter.user_id }}
resources/js/Components/Discussion/LeftBar.vue:                                profile: $page.props.user.user_id,
resources/js/Components/Discussion/LeftBar.vue:                                profile: $page.props.user.user_id,
resources/js/Components/Discussion/Openions.vue:                            :href="'/user/' + openion.user.user_id"
resources/js/Components/Header/ElectionNavigation.vue:                                    profile: $page.props.user.user_id,
resources/js/Components/Header/Navigation.vue:                                profile: $page.props.user.user_id,
resources/js/Components/Header/Navigation.vue:                                profile: $page.props.user.user_id,
resources/js/Components/Header/Navigation.vue:                                    profile: $page.props.user.user_id,
resources/js/Components/Upload/IconUpload.vue:            // this.route("user.show", this.user.user_id).click();
resources/js/Pages/DeligateVote/CreateDeligateVote.vue:                              :id       ="member.user_id"
resources/js/Pages/DeligateVote/CreateDeligateVote.vue:      user_id:           props.user_id,
resources/js/Pages/DeligateVote/CreateDeligateVote.vue:          if (selectedVec.includes(box.nrna_id))  selected_ids.push(box.user_id);
resources/js/Pages/Result/Candidate copy.vue:                "user_id":      candidate.user_id,
resources/js/Pages/Result/Candidate.vue:                "user_id":      candidate.user_id,
resources/js/Pages/User/EditProfile.vue:                :href="route('user.show', $page.props.user.user_id)"
resources/js/Pages/User/EditProfile.vue:            // console.log(this.user.user_id);
resources/js/Pages/User/EditProfile.vue:            // console.log(this.route("user.show", this.user.user_id));
resources/js/Pages/Vote/Create.vue:      user_id:              props.user_id,
resources/js/Pages/Vote/CreateNew.vue:      user_id:              props.user_id,
resources/js/Pages/Vote/CreateVote.vue:                            :id       ="icc_member.user_id"
resources/js/Pages/Vote/CreateVote.vue:                            :id       ="president.user_id"
resources/js/Pages/Vote/CreateVote.vue:                            :id       ="vice_president.user_id"
resources/js/Pages/Vote/CreateVote.vue:                            :id       ="wvp.user_id"
resources/js/Pages/Vote/CreateVote.vue:                            :id       ="general_secretary.user_id"
resources/js/Pages/Vote/CreateVote.vue:                            :id       ="secretary.user_id"
resources/js/Pages/Vote/CreateVote.vue:                            :id       ="treasure.user_id"
resources/js/Pages/Vote/CreateVote.vue:                            :id       ="w_coordinator.user_id"
resources/js/Pages/Vote/CreateVote.vue:                            :id       ="y_coordinator.user_id"
resources/js/Pages/Vote/CreateVote.vue:                            :id       ="cult_coordinator.user_id"
resources/js/Pages/Vote/CreateVote.vue:                            :id       ="child_coordinator.user_id"
resources/js/Pages/Vote/CreateVote.vue:                            :id       ="studt_coordinator.user_id"
resources/js/Pages/Vote/CreateVote.vue:                            :id       ="member_berlin.user_id"
resources/js/Pages/Vote/CreateVote.vue:                            :id       ="member_hamburg.user_id"
resources/js/Pages/Vote/CreateVote.vue:                            :id       ="member_nsachsen.user_id"
resources/js/Pages/Vote/CreateVote.vue:                            :id       ="member_nrw.user_id"
resources/js/Pages/Vote/CreateVote.vue:                            :id       ="member_hessen.user_id"
resources/js/Pages/Vote/CreateVote.vue:                            :id       ="member_rhein_pfalz.user_id"
resources/js/Pages/Vote/CreateVote.vue:                            :id       ="member_bayern.user_id"
resources/js/Pages/Vote/CreateVote.vue:      user_id:          props.user_id,
resources/js/Pages/Vote/CreateVote.vue:          if (selectedVec.includes(box.candidacy_id))  selected_ids.push(box.user_id);
resources/js/Pages/Vote/CreateVotingform.vue:          if (selectedVec.includes(box.candidacy_id))  selected_ids.push(box.user_id);
resources/js/Pages/Vote/VoteDisplay.vue:                      User Id: {{candiVote.user_id}}
resources/js/Pages/Vote/VoteDisplay.vue:                      User Id: {{candiVote.user_id}}
resources/js/Pages/Vote/VoteFinal.vue:                                                    {{ candiVec.user_id }}
resources/js/Pages/Voter/IndexVoter.vue:                            {{ voter.user_id }}
resources/js/Components/Discussion/LeftBar.vue:                                profile: $page.props.user.user_id,
resources/js/Components/Discussion/LeftBar.vue:                                profile: $page.props.user.user_id,
resources/js/Components/Discussion/Openions.vue:                            :href="'/user/' + openion.user.user_id"
resources/js/Components/Header/ElectionNavigation.vue:                                    profile: $page.props.user.user_id,
resources/js/Components/Header/Navigation.vue:                                profile: $page.props.user.user_id,
resources/js/Components/Header/Navigation.vue:                                profile: $page.props.user.user_id,
resources/js/Components/Header/Navigation.vue:                                    profile: $page.props.user.user_id,
resources/js/Components/Upload/IconUpload.vue:            // this.route("user.show", this.user.user_id).click();
resources/js/Pages/DeligateVote/CreateDeligateVote.vue:                              :id       ="member.user_id"
resources/js/Pages/DeligateVote/CreateDeligateVote.vue:      user_id:           props.user_id,
resources/js/Pages/DeligateVote/CreateDeligateVote.vue:          if (selectedVec.includes(box.nrna_id))  selected_ids.push(box.user_id);
resources/js/Pages/Result/Candidate copy.vue:                "user_id":      candidate.user_id,
resources/js/Pages/Result/Candidate.vue:                "user_id":      candidate.user_id,
resources/js/Pages/User/EditProfile.vue:                :href="route('user.show', $page.props.user.user_id)"
resources/js/Pages/User/EditProfile.vue:            // console.log(this.user.user_id);
resources/js/Pages/User/EditProfile.vue:            // console.log(this.route("user.show", this.user.user_id));
resources/js/Pages/Vote/Create.vue:      user_id:              props.user_id,
resources/js/Pages/Vote/CreateNew.vue:      user_id:              props.user_id,
resources/js/Pages/Vote/CreateVote.vue:                            :id       ="icc_member.user_id"
resources/js/Pages/Vote/CreateVote.vue:                            :id       ="president.user_id"
resources/js/Pages/Vote/CreateVote.vue:                            :id       ="vice_president.user_id"
resources/js/Pages/Vote/CreateVote.vue:                            :id       ="wvp.user_id"
resources/js/Pages/Vote/CreateVote.vue:                            :id       ="general_secretary.user_id"
resources/js/Pages/Vote/CreateVote.vue:                            :id       ="secretary.user_id"
resources/js/Pages/Vote/CreateVote.vue:                            :id       ="treasure.user_id"
resources/js/Pages/Vote/CreateVote.vue:                            :id       ="w_coordinator.user_id"
resources/js/Pages/Vote/CreateVote.vue:                            :id       ="y_coordinator.user_id"
resources/js/Pages/Vote/CreateVote.vue:                            :id       ="cult_coordinator.user_id"
resources/js/Pages/Vote/CreateVote.vue:                            :id       ="child_coordinator.user_id"
resources/js/Pages/Vote/CreateVote.vue:                            :id       ="studt_coordinator.user_id"
resources/js/Pages/Vote/CreateVote.vue:                            :id       ="member_berlin.user_id"
resources/js/Pages/Vote/CreateVote.vue:                            :id       ="member_hamburg.user_id"
resources/js/Pages/Vote/CreateVote.vue:                            :id       ="member_nsachsen.user_id"
resources/js/Pages/Vote/CreateVote.vue:                            :id       ="member_nrw.user_id"
resources/js/Pages/Vote/CreateVote.vue:                            :id       ="member_hessen.user_id"
resources/js/Pages/Vote/CreateVote.vue:                            :id       ="member_rhein_pfalz.user_id"
resources/js/Pages/Vote/CreateVote.vue:                            :id       ="member_bayern.user_id"
resources/js/Pages/Vote/CreateVote.vue:      user_id:          props.user_id,
resources/js/Pages/Vote/CreateVote.vue:          if (selectedVec.includes(box.candidacy_id))  selected_ids.push(box.user_id);
resources/js/Pages/Vote/CreateVotingform.vue:          if (selectedVec.includes(box.candidacy_id))  selected_ids.push(box.user_id);
resources/js/Pages/Vote/VoteDisplay.vue:                      User Id: {{candiVote.user_id}}
resources/js/Pages/Vote/VoteDisplay.vue:                      User Id: {{candiVote.user_id}}
resources/js/Pages/Vote/VoteFinal.vue:                                                    {{ candiVec.user_id }}
resources/js/Pages/Voter/IndexVoter.vue:                            {{ voter.user_id }}
resources/js/Components/Discussion/LeftBar.vue:                                profile: $page.props.user.user_id,
resources/js/Components/Discussion/LeftBar.vue:                                profile: $page.props.user.user_id,
resources/js/Components/Discussion/Openions.vue:                            :href="'/user/' + openion.user.user_id"
resources/js/Components/Header/ElectionNavigation.vue:                                    profile: $page.props.user.user_id,
resources/js/Components/Header/Navigation.vue:                                profile: $page.props.user.user_id,
resources/js/Components/Header/Navigation.vue:                                profile: $page.props.user.user_id,
resources/js/Components/Header/Navigation.vue:                                    profile: $page.props.user.user_id,
resources/js/Components/Upload/IconUpload.vue:            // this.route("user.show", this.user.user_id).click();
resources/js/Pages/User/EditProfile.vue:                :href="route('user.show', $page.props.user.user_id)"
resources/js/Pages/User/EditProfile.vue:            // console.log(this.user.user_id);
resources/js/Pages/User/EditProfile.vue:            // console.log(this.route("user.show", this.user.user_id));
